Drill Listing
=============
Drill: .01  Tool: 1  Feed: 95  Speed: 300
X 130200  Y 115900
X 133700  Y 127600
X 127500  Y 139500
X 120500  Y 154400
X 114400  Y 154400
X 130000  Y 171000
X 120500  Y 180500
X 114500  Y 188500
X 134700  Y 201800
X 114500  Y 246600
X 120500  Y 246700
X 112000  Y 252000
X 128000  Y 256500
X 110500  Y 290500
X 114500  Y 295000
X 114500  Y 302500
X 114400  Y 310500
X 114500  Y 318500
X 114500  Y 326500
X 114500  Y 334000
X 125100  Y 354400
X 111500  Y 367500
X 124300  Y 368100
X 124300  Y 371100
X 122000  Y 379000
X 122000  Y 385500
X 128000  Y 385500
X 128000  Y 388500
X 122000  Y 388500
X 122000  Y 391500
X 128000  Y 391500
X 128000  Y 398000
X 122000  Y 398000
X 122000  Y 401000
X 128000  Y 401000
X 122000  Y 407500
X 128000  Y 407500
X 128000  Y 410500
X 128000  Y 417000
X 122000  Y 417000
X 122000  Y 420000
X 128000  Y 420000
X 128000  Y 426500
X 122000  Y 426500
X 122000  Y 429500
X 128000  Y 429500
X 128000  Y 436000
X 122000  Y 436000
X 122000  Y 439000
X 128000  Y 439000
X 122000  Y 445500
X 128000  Y 445500
X 122000  Y 448500
X 128000  Y 448500
X 128000  Y 454500
X 122000  Y 454500
X 122000  Y 458000
X 128000  Y 458000
X 125100  Y 464000
X 122000  Y 467500
X 128000  Y 467500
X 128000  Y 470500
X 123200  Y 471700
X 121900  Y 475900
X 126100  Y 477400
X 126400  Y 480000
X 122000  Y 480000
X 122000  Y 486000
X 128000  Y 486000
X 122000  Y 489500
X 124600  Y 495600
X 128000  Y 499000
X 122000  Y 499000
X 128000  Y 502000
X 122000  Y 502000
X 122000  Y 508500
X 128000  Y 511500
X 122000  Y 511500
X 127600  Y 514500
X 127600  Y 517500
X 127600  Y 524000
X 127600  Y 527000
X 130900  Y 638600
X 142000  Y 613000
X 142000  Y 605000
X 142000  Y 593000
X 142000  Y 585000
X 151000  Y 580500
X 142000  Y 573200
X 151500  Y 571300
X 158600  Y 568800
X 141900  Y 565300
X 158600  Y 562800
X 142000  Y 554000
X 142000  Y 546000
X 152000  Y 540500
X 141000  Y 506000
X 140600  Y 492500
X 140600  Y 461024
X 150500  Y 440000
X 147300  Y 389900
X 150500  Y 334000
X 156130  Y 334000
X 156130  Y 316800
X 150500  Y 316800
X 155700  Y 312500
X 150500  Y 312500
X 142000  Y 297500
X 150500  Y 295300
X 157300  Y 295300
X 158200  Y 228700
X 150500  Y 223600
X 155000  Y 218500
X 155500  Y 214500
X 158400  Y 207000
X 150031  Y 192968
X 153000  Y 192800
X 155200  Y 191100
X 145400  Y 190200
X 155000  Y 188500
X 159800  Y 186000
X 142600  Y 182400
X 140000  Y 181900
X 138000  Y 177000
X 155000  Y 176100
X 148900  Y 176100
X 136100  Y 173400
X 148900  Y 170000
X 155000  Y 170000
X 138000  Y 167000
X 143600  Y 163200
X 160300  Y 163200
X 152907  Y 159092
X 150200  Y 159000
X 152900  Y 153600
X 148500  Y 153500
X 150800  Y 134900
X 183400  Y 116100
X 177100  Y 153500
X 166900  Y 165400
X 166200  Y 169100
X 177500  Y 170700
X 166500  Y 175000
X 182100  Y 179500
X 167000  Y 179700
X 161800  Y 187800
X 169500  Y 202500
X 166900  Y 202700
X 178500  Y 206600
X 171000  Y 207000
X 181100  Y 208100
X 160600  Y 210900
X 182500  Y 214500
X 183100  Y 217100
X 165900  Y 217800
X 171900  Y 217800
X 165900  Y 223600
X 171900  Y 223600
X 184800  Y 224200
X 183200  Y 226400
X 177500  Y 235194
X 162100  Y 235800
X 174300  Y 235900
X 164100  Y 237700
X 172168  Y 237800
X 169900  Y 240300
X 167031  Y 240468
X 161760  Y 295300
X 184280  Y 295300
X 178650  Y 295300
X 178650  Y 312500
X 184280  Y 312500
X 161800  Y 312500
X 161760  Y 316800
X 178650  Y 316800
X 184280  Y 316800
X 162000  Y 334000
X 178650  Y 334000
X 184280  Y 334000
X 177500  Y 448000
X 171900  Y 546700
X 176300  Y 602800
X 170700  Y 613300
X 171900  Y 618000
X 171100  Y 628100
X 169600  Y 642000
X 161800  Y 642200
X 186600  Y 632200
X 202600  Y 631000
X 185700  Y 623200
X 189200  Y 620700
X 195500  Y 619600
X 187100  Y 619000
X 187000  Y 616400
X 198800  Y 613400
X 195700  Y 602800
X 202600  Y 602200
X 186000  Y 595500
X 185800  Y 549500
X 193300  Y 546900
X 200000  Y 546700
X 185900  Y 542200
X 208800  Y 466100
X 195500  Y 454500
X 208000  Y 404000
X 198000  Y 401000
X 210000  Y 394500
X 206800  Y 334000
X 189910  Y 334000
X 206800  Y 316800
X 189910  Y 316800
X 189910  Y 312500
X 206800  Y 312500
X 206800  Y 295300
X 189910  Y 295300
X 198500  Y 229800
X 194800  Y 220500
X 195900  Y 204600
X 204000  Y 193900
X 207300  Y 192900
X 209168  Y 190300
X 201100  Y 190200
X 198700  Y 188300
X 193400  Y 183000
X 191400  Y 178500
X 209000  Y 176000
X 203000  Y 176000
X 192000  Y 175000
X 192000  Y 171000
X 203000  Y 170000
X 209000  Y 170000
X 192000  Y 167000
X 197900  Y 163300
X 207000  Y 159000
X 199800  Y 158400
X 204000  Y 158400
X 206900  Y 153600
X 189500  Y 139500
X 187000  Y 127100
X 212800  Y 134700
X 230900  Y 153500
X 214000  Y 163200
X 220900  Y 165400
X 220600  Y 169100
X 231500  Y 170950
X 220600  Y 174900
X 221200  Y 179700
X 214500  Y 187694
X 211600  Y 188262
X 224400  Y 201800
X 222000  Y 224000
X 212300  Y 295300
X 234950  Y 295300
X 218060  Y 295300
X 212300  Y 312500
X 218060  Y 312500
X 234950  Y 312500
X 234950  Y 316800
X 218060  Y 316800
X 212400  Y 316800
X 218060  Y 334000
X 234950  Y 334000
X 212400  Y 334000
X 222000  Y 430500
X 220000  Y 456000
X 234600  Y 461024
X 217700  Y 466100
X 231500  Y 494000
X 215500  Y 502000
X 214200  Y 507600
X 212900  Y 513800
X 230700  Y 613100
X 232300  Y 618000
X 214400  Y 620200
X 230800  Y 628000
X 239000  Y 665500
X 241000  Y 656000
X 244000  Y 655000
X 246800  Y 632300
X 246200  Y 623300
X 250000  Y 620800
X 247400  Y 619000
X 260300  Y 617500
X 247400  Y 616400
X 256400  Y 603000
X 236700  Y 602700
X 246400  Y 594900
X 257500  Y 550000
X 246400  Y 546700
X 252000  Y 529000
X 241500  Y 493500
X 238500  Y 489500
X 241500  Y 484000
X 238500  Y 480000
X 249500  Y 462000
X 238500  Y 458000
X 250500  Y 452500
X 238500  Y 448500
X 243900  Y 443200
X 238900  Y 439100
X 242500  Y 433500
X 242000  Y 426500
X 250500  Y 424500
X 238500  Y 420000
X 247000  Y 415000
X 249600  Y 414500
X 238500  Y 410500
X 258000  Y 408500
X 250500  Y 405500
X 238500  Y 401000
X 240500  Y 353500
X 246210  Y 334000
X 240400  Y 334000
X 246210  Y 316800
X 240580  Y 316800
X 246210  Y 312500
X 240580  Y 312500
X 246210  Y 295300
X 240580  Y 295300
X 256631  Y 240268
X 259800  Y 240100
X 253700  Y 237500
X 251300  Y 235600
X 248900  Y 229500
X 244300  Y 225337
X 255600  Y 223200
X 245000  Y 218500
X 255600  Y 217300
X 245000  Y 214394
X 250200  Y 212000
X 248000  Y 210500
X 256500  Y 206500
X 256500  Y 202200
X 260100  Y 198200
X 255100  Y 195400
X 257400  Y 192700
X 255400  Y 190000
X 253000  Y 188100
X 247600  Y 183400
X 235800  Y 179700
X 246300  Y 177800
X 257400  Y 176000
X 246000  Y 174800
X 246500  Y 171000
X 257500  Y 170000
X 247000  Y 167000
X 252200  Y 163100
X 258200  Y 158800
X 254100  Y 158400
X 242500  Y 139300
X 240000  Y 127000
X 236600  Y 116200
X 272400  Y 134900
X 261200  Y 153400
X 285400  Y 154200
X 261207  Y 158892
X 268100  Y 163100
X 275200  Y 165200
X 274800  Y 168900
X 263400  Y 170000
X 275100  Y 174600
X 263400  Y 176000
X 275400  Y 179500
X 268800  Y 187494
X 264200  Y 197700
X 260700  Y 202200
X 260500  Y 206600
X 265500  Y 207100
X 272800  Y 214900
X 261500  Y 217400
X 273700  Y 217900
X 284400  Y 220300
X 261500  Y 223200
X 274400  Y 224000
X 272400  Y 227600
X 267100  Y 235000
X 264200  Y 235600
X 261768  Y 237600
X 268730  Y 295300
X 263100  Y 295300
X 274360  Y 295300
X 274360  Y 312500
X 263100  Y 312500
X 268730  Y 312500
X 274360  Y 316800
X 268730  Y 316800
X 263100  Y 318000
X 263100  Y 334000
X 274360  Y 334000
X 268730  Y 334000
X 282300  Y 339900
X 270100  Y 376500
X 284600  Y 395000
X 262500  Y 399000
X 279000  Y 405000
X 279000  Y 414500
X 262500  Y 436500
X 275500  Y 443000
X 279000  Y 443000
X 279000  Y 452500
X 281500  Y 462700
X 278500  Y 462700
X 272300  Y 470500
X 284300  Y 473200
X 262500  Y 477500
X 275500  Y 484000
X 279500  Y 484000
X 279500  Y 493500
X 275000  Y 566000
X 265400  Y 601500
X 275700  Y 613100
X 261400  Y 613200
X 303400  Y 587400
X 301600  Y 524200
X 301000  Y 512500
X 285500  Y 505000
X 298000  Y 500500
X 314500  Y 495600
X 314500  Y 489500
X 314500  Y 486100
X 314500  Y 480000
X 314500  Y 476600
X 314500  Y 448500
X 314500  Y 445000
X 314500  Y 439000
X 314500  Y 435500
X 302000  Y 423000
X 314500  Y 417000
X 297000  Y 415000
X 314500  Y 411100
X 314500  Y 408500
X 306200  Y 407400
X 314500  Y 401200
X 314500  Y 398000
X 297000  Y 388500
X 314600  Y 385400
X 285900  Y 343700
X 285900  Y 297600
X 304400  Y 246600
X 310600  Y 246500
X 288800  Y 229800
X 293400  Y 213000
X 290000  Y 179700
X 285700  Y 170400
X 310400  Y 146000
Drill: .02953  Tool: 2  Feed: 197  Speed: 550
X 125000  Y 537007
Drill: .03346  Tool: 3  Feed: 197  Speed: 550
X 124500  Y 545862
X 124500  Y 553737
X 124500  Y 565362
X 124500  Y 573237
X 124200  Y 584962
X 124200  Y 592837
X 124500  Y 605162
X 124500  Y 613037
X 300200  Y 607874
X 300200  Y 600000
X 300200  Y 592125
X 300200  Y 572874
X 300200  Y 565000
X 300200  Y 557125
X 300200  Y 342874
X 300200  Y 335000
X 300200  Y 327125
X 300200  Y 307874
X 300200  Y 300000
X 300200  Y 292125
X 300000  Y 141937
X 300000  Y 134062
Drill: .035  Tool: 4  Feed: 197  Speed: 550
X 132600  Y 294777
X 132600  Y 302651
X 132600  Y 310525
X 132600  Y 318400
X 132600  Y 326274
X 132600  Y 334148
X 132600  Y 342022
Drill: .038  Tool: 5  Feed: 197  Speed: 550
X 116000  Y 660000
X 145000  Y 660000
X 116000  Y 670000
X 145000  Y 670000
X 116000  Y 680000
X 145000  Y 680000
X 116000  Y 690000
X 145000  Y 690000
X 116000  Y 700000
X 145000  Y 700000
X 116000  Y 710000
X 145000  Y 710000
X 251000  Y 710000
X 280000  Y 710000
X 251000  Y 700000
X 280000  Y 700000
X 280000  Y 690000
X 251000  Y 690000
X 280000  Y 680000
X 251000  Y 680000
X 280000  Y 670000
X 251000  Y 670000
X 251000  Y 660000
X 280000  Y 660000
X 309000  Y 660000
X 309000  Y 670000
X 309000  Y 680000
X 309000  Y 690000
X 309000  Y 700000
X 309000  Y 710000
Drill: .04528  Tool: 6  Feed: 139  Speed: 550
X 125000  Y 362992
X 300000  Y 362992
X 300000  Y 537007
Drill: .04724  Tool: 7  Feed: 139  Speed: 550
X 145000  Y 115500
X 155000  Y 115500
X 165000  Y 115500
X 175000  Y 115500
X 197500  Y 115500
X 207500  Y 115500
X 115500  Y 202500
X 115500  Y 212500
X 115500  Y 222500
X 115500  Y 232500
X 309500  Y 232500
X 309500  Y 222500
X 309500  Y 212500
X 309500  Y 202500
X 270000  Y 115500
X 280000  Y 115500
X 260000  Y 115500
X 250000  Y 115500
X 227500  Y 115500
X 217500  Y 115500
Drill: .05512  Tool: 8  Feed: 107  Speed: 550
X 202500  Y 697502
X 186200  Y 697502
X 218799  Y 697502
Drill: .125  Tool: 9  Feed: 35  Speed: 794
X 115000  Y 115300
X 115000  Y 264900
X 115000  Y 634900
X 115000  Y 732500
X 310000  Y 732500
X 310000  Y 634900
X 310000  Y 264900
X 310000  Y 115300
Drill: .15197  Tool: 10  Feed: 35  Speed: 900
X 202500  Y 726400
End of Listing
